02	02/21/16 13:13:52.378	[33;1mFinished rotate logs[0m <0x772ff320>
50	02/21/16 13:13:52.404	luup_log:100: Arduino: Log: read: 4-4-0 s=21,c=1,t=24,pt=2,l=2,sg=0:15 <0x7499d520>
50	02/21/16 13:13:52.416	luup_log:100: Arduino: Set variable: 4;21;1;0;24;15 <0x7499d520>
50	02/21/16 13:13:52.416	luup_log:100: Arduino: Setting variable 'Variable1' to value '15' <0x7499d520>
50	02/21/16 13:13:52.417	luup_log:100: Arduino: urn:upnp-org:serviceId:VContainer1,Variable1, 15, 111 <0x7499d520>
01	02/21/16 13:13:52.417	[31;1mGetLuaInterface can't find device type: 3/0xb2bd18 str: 111[0m <0x7499d520>
01	02/21/16 13:13:52.418	[31;1mluup_variable_get interface 0xb9c620 args 3[0m <0x7499d520>
01	02/21/16 13:13:52.438	[31;1mGetLuaInterface can't find device type: 3/0xb2bd18 str: 111[0m <0x7499d520>
01	02/21/16 13:13:52.439	[31;1mluup_variable_set interface 0xb9c620 args 4[0m <0x7499d520>
50	02/21/16 13:13:52.440	luup_log:100: Arduino: urn:micasaverde-com:serviceId:HaDevice1,LastUpdate, 1456082032, 111 <0x7499d520>
01	02/21/16 13:13:52.440	[31;1mGetLuaInterface can't find device type: 3/0xb2bd18 str: 111[0m <0x7499d520>
01	02/21/16 13:13:52.441	[31;1mluup_variable_get interface 0xb9c620 args 3[0m <0x7499d520>
01	02/21/16 13:13:52.441	[31;1mGetLuaInterface can't find device type: 3/0xb2bd18 str: 111[0m <0x7499d520>
01	02/21/16 13:13:52.442	[31;1mluup_variable_set interface 0xb9c620 args 4[0m <0x7499d520>
50	02/21/16 13:13:52.443	luup_log:100: Arduino: urn:micasaverde-com:serviceId:HaDevice1,LastUpdate, 1456082032, 21 <0x7499d520>
06	02/21/16 13:13:52.444	Device_Variable::m_szValue_set device: 21 service: urn:micasaverde-com:serviceId:HaDevice1 variable: [35;1mLastUpdate[0m was: 1456082031 now: 1456082032 #hooks: 0 upnp: 0 skip: 0 v:(nil)/NONE duplicate:0 <0x7499d520>
50	02/21/16 13:13:52.445	luup_log:100: Arduino: urn:micasaverde-com:serviceId:HaDevice1,LastUpdateHR, 13:13, 21 <0x7499d520>
50	02/21/16 13:13:52.468	luup_log:100: Arduino: Log: read: 1-1-0 s=31,c=1,t=25,pt=2,l=2,sg=0:133 <0x7499d520>
50	02/21/16 13:13:52.479	luup_log:100: Arduino: Set variable: 1;31;1;0;25;133 <0x7499d520>
50	02/21/16 13:13:52.480	luup_log:100: Arduino: Setting variable 'Variable2' to value '133' <0x7499d520>
50	02/21/16 13:13:52.480	luup_log:100: Arduino: urn:upnp-org:serviceId:VContainer1,Variable2, 133, 31 <0x7499d520>
50	02/21/16 13:13:52.481	luup_log:100: Arduino: urn:micasaverde-com:serviceId:HaDevice1,LastUpdate, 1456082032, 31 <0x7499d520>
06	02/21/16 13:13:52.481	Device_Variable::m_szValue_set device: 31 service: urn:micasaverde-com:serviceId:HaDevice1 variable: [35;1mLastUpdate[0m was: 1456082032 now: 1456082032 #hooks: 0 upnp: 0 skip: 0 v:(nil)/NONE duplicate:1 <0x7499d520>
50	02/21/16 13:13:52.482	luup_log:100: Arduino: urn:micasaverde-com:serviceId:HaDevice1,LastUpdate, 1456082032, 108 <0x7499d520>
06	02/21/16 13:13:52.482	Device_Variable::m_szValue_set device: 108 service: urn:micasaverde-com:serviceId:HaDevice1 variable: [35;1mLastUpdate[0m was: 1456082032 now: 1456082032 #hooks: 0 upnp: 0 skip: 0 v:(nil)/NONE duplicate:1 <0x7499d520>
50	02/21/16 13:13:52.483	luup_log:100: Arduino: urn:micasaverde-com:serviceId:HaDevice1,LastUpdateHR, 13:13, 108 <0x7499d520>
50	02/21/16 13:13:52.544	luup_log:100: Arduino: Log: read: 3-3-0 s=2,c=1,t=13,pt=2,l=2,sg=0:179 <0x7499d520>
50	02/21/16 13:13:52.546	luup_log:100: Arduino: Set variable: 3;2;1;0;13;179 <0x7499d520>
50	02/21/16 13:13:52.546	luup_log:100: Arduino: Setting variable 'CurrentDistance' to value '179' <0x7499d520>
50	02/21/16 13:13:52.547	luup_log:100: Arduino: urn:micasaverde-com:serviceId:DistanceSensor1,CurrentDistance, 179, 2 <0x7499d520>
06	02/21/16 13:13:52.547	Device_Variable::m_szValue_set device: 2 service: urn:micasaverde-com:serviceId:DistanceSensor1 variable: [35;1mCurrentDistance[0m was: 178 now: 179 #hooks: 0 upnp: 0 skip: 0 v:(nil)/NONE duplicate:0 <0x7499d520>
50	02/21/16 13:13:52.558	luup_log:100: Arduino: urn:micasaverde-com:serviceId:HaDevice1,LastUpdate, 1456082032, 2 <0x7499d520>
06	02/21/16 13:13:52.559	Device_Variable::m_szValue_set device: 2 service: urn:micasaverde-com:serviceId:HaDevice1 variable: [35;1mLastUpdate[0m was: 1456082031 now: 1456082032 #hooks: 0 upnp: 0 skip: 0 v:(nil)/NONE duplicate:0 <0x7499d520>
50	02/21/16 13:13:52.560	luup_log:100: Arduino: urn:micasaverde-com:serviceId:HaDevice1,LastUpdate, 1456082032, 112 <0x7499d520>
06	02/21/16 13:13:52.560	Device_Variable::m_szValue_set device: 112 service: urn:micasaverde-com:serviceId:HaDevice1 variable: [35;1mLastUpdate[0m was: 1456082031 now: 1456082032 #hooks: 0 upnp: 0 skip: 0 v:(nil)/NONE duplicate:0 <0x7499d520>
50	02/21/16 13:13:52.561	luup_log:100: Arduino: urn:micasaverde-com:serviceId:HaDevice1,LastUpdateHR, 13:13, 112 <0x7499d520>
50	02/21/16 13:13:52.582	luup_log:100: Arduino: Log: read: 1-1-0 s=31,c=1,t=25,pt=2,l=2,sg=0:134 <0x7499d520>
50	02/21/16 13:13:52.584	luup_log:100: Arduino: Set variable: 1;31;1;0;25;134 <0x7499d520>
50	02/21/16 13:13:52.585	luup_log:100: Arduino: Setting variable 'Variable2' to value '134' <0x7499d520>
50	02/21/16 13:13:52.585	luup_log:100: Arduino: urn:upnp-org:serviceId:VContainer1,Variable2, 134, 31 <0x7499d520>
06	02/21/16 13:13:52.586	Device_Variable::m_szValue_set device: 31 service: urn:upnp-org:serviceId:VContainer1 variable: [35;1mVariable2[0m was: 133 now: 134 #hooks: 0 upnp: 0 skip: 0 v:(nil)/NONE duplicate:0 <0x7499d520>
50	02/21/16 13:13:52.587	luup_log:100: Arduino: urn:micasaverde-com:serviceId:HaDevice1,LastUpdate, 1456082032, 31 <0x7499d520>
06	02/21/16 13:13:52.587	Device_Variable::m_szValue_set device: 31 service: urn:micasaverde-com:serviceId:HaDevice1 variable: [35;1mLastUpdate[0m was: 1456082032 now: 1456082032 #hooks: 0 upnp: 0 skip: 0 v:(nil)/NONE duplicate:1 <0x7499d520>
50	02/21/16 13:13:52.588	luup_log:100: Arduino: urn:micasaverde-com:serviceId:HaDevice1,LastUpdate, 1456082032, 108 <0x7499d520>
06	02/21/16 13:13:52.600	Device_Variable::m_szValue_set device: 108 service: urn:micasaverde-com:serviceId:HaDevice1 variable: [35;1mLastUpdate[0m was: 1456082032 now: 1456082032 #hooks: 0 upnp: 0 skip: 0 v:(nil)/NONE duplicate:1 <0x7499d520>
50	02/21/16 13:13:52.603	luup_log:100: Arduino: urn:micasaverde-com:serviceId:HaDevice1,LastUpdateHR, 13:13, 108 <0x7499d520>
50	02/21/16 13:13:52.697	luup_log:100: Arduino: Log: read: 1-1-0 s=31,c=1,t=25,pt=2,l=2,sg=0:133 <0x7499d520>
50	02/21/16 13:13:52.699	luup_log:100: Arduino: Set variable: 1;31;1;0;25;133 <0x7499d520>
50	02/21/16 13:13:52.700	luup_log:100: Arduino: Setting variable 'Variable2' to value '133' <0x7499d520>
50	02/21/16 13:13:52.700	luup_log:100: Arduino: urn:upnp-org:serviceId:VContainer1,Variable2, 133, 31 <0x7499d520>
06	02/21/16 13:13:52.701	Device_Variable::m_szValue_set device: 31 service: urn:upnp-org:serviceId:VContainer1 variable: [35;1mVariable2[0m was: 134 now: 133 #hooks: 0 upnp: 0 skip: 0 v:(nil)/NONE duplicate:0 <0x7499d520>
50	02/21/16 13:13:52.702	luup_log:100: Arduino: urn:micasaverde-com:serviceId:HaDevice1,LastUpdate, 1456082032, 31 <0x7499d520>
06	02/21/16 13:13:52.702	Device_Variable::m_szValue_set device: 31 service: urn:micasaverde-com:serviceId:HaDevice1 variable: [35;1mLastUpdate[0m was: 1456082032 now: 1456082032 #hooks: 0 upnp: 0 skip: 0 v:(nil)/NONE duplicate:1 <0x7499d520>
50	02/21/16 13:13:52.703	luup_log:100: Arduino: urn:micasaverde-com:serviceId:HaDevice1,LastUpdate, 1456082032, 108 <0x7499d520>
06	02/21/16 13:13:52.703	Device_Variable::m_szValue_set device: 108 service: urn:micasaverde-com:serviceId:HaDevice1 variable: [35;1mLastUpdate[0m was: 1456082032 now: 1456082032 #hooks: 0 upnp: 0 skip: 0 v:(nil)/NONE duplicate:1 <0x7499d520>
50	02/21/16 13:13:52.704	luup_log:100: Arduino: urn:micasaverde-com:serviceId:HaDevice1,LastUpdateHR, 13:13, 108 <0x7499d520>
50	02/21/16 13:13:52.812	luup_log:100: Arduino: Log: read: 1-1-0 s=31,c=1,t=25,pt=2,l=2,sg=0:131 <0x7499d520>
50	02/21/16 13:13:52.814	luup_log:100: Arduino: Set variable: 1;31;1;0;25;131 <0x7499d520>
50	02/21/16 13:13:52.815	luup_log:100: Arduino: Setting variable 'Variable2' to value '131' <0x7499d520>
50	02/21/16 13:13:52.815	luup_log:100: Arduino: urn:upnp-org:serviceId:VContainer1,Variable2, 131, 31 <0x7499d520>
06	02/21/16 13:13:52.816	Device_Variable::m_szValue_set device: 31 service: urn:upnp-org:serviceId:VContainer1 variable: [35;1mVariable2[0m was: 133 now: 131 #hooks: 0 upnp: 0 skip: 0 v:(nil)/NONE duplicate:0 <0x7499d520>
50	02/21/16 13:13:52.817	luup_log:100: Arduino: urn:micasaverde-com:serviceId:HaDevice1,LastUpdate, 1456082032, 31 <0x7499d520>
06	02/21/16 13:13:52.817	Device_Variable::m_szValue_set device: 31 service: urn:micasaverde-com:serviceId:HaDevice1 variable: [35;1mLastUpdate[0m was: 1456082032 now: 1456082032 #hooks: 0 upnp: 0 skip: 0 v:(nil)/NONE duplicate:1 <0x7499d520>
50	02/21/16 13:13:52.818	luup_log:100: Arduino: urn:micasaverde-com:serviceId:HaDevice1,LastUpdate, 1456082032, 108 <0x7499d520>
06	02/21/16 13:13:52.819	Device_Variable::m_szValue_set device: 108 service: urn:micasaverde-com:serviceId:HaDevice1 variable: [35;1mLastUpdate[0m was: 1456082032 now: 1456082032 #hooks: 0 upnp: 0 skip: 0 v:(nil)/NONE duplicate:1 <0x7499d520>
50	02/21/16 13:13:52.820	luup_log:100: Arduino: urn:micasaverde-com:serviceId:HaDevice1,LastUpdateHR, 13:13, 108 <0x7499d520>
50	02/21/16 13:13:52.874	luup_log:100: Arduino: Log: read: 2-2-0 s=1,c=1,t=13,pt=2,l=2,sg=0:291 <0x7499d520>
50	02/21/16 13:13:52.876	luup_log:100: Arduino: Set variable: 2;1;1;0;13;291 <0x7499d520>
50	02/21/16 13:13:52.876	luup_log:100: Arduino: Setting variable 'CurrentDistance' to value '291' <0x7499d520>
50	02/21/16 13:13:52.877	luup_log:100: Arduino: urn:micasaverde-com:serviceId:DistanceSensor1,CurrentDistance, 291, 4 <0x7499d520>
06	02/21/16 13:13:52.877	Device_Variable::m_szValue_set device: 4 service: urn:micasaverde-com:serviceId:DistanceSensor1 variable: [35;1mCurrentDistance[0m was: 134 now: 291 #hooks: 0 upnp: 0 skip: 0 v:(nil)/NONE duplicate:0 <0x7499d520>
50	02/21/16 13:13:52.878	luup_log:100: Arduino: urn:micasaverde-com:serviceId:HaDevice1,LastUpdate, 1456082032, 4 <0x7499d520>
06	02/21/16 13:13:52.879	Device_Variable::m_szValue_set device: 4 service: urn:micasaverde-com:serviceId:HaDevice1 variable: [35;1mLastUpdate[0m was: 1456082032 now: 1456082032 #hooks: 0 upnp: 0 skip: 0 v:(nil)/NONE duplicate:1 <0x7499d520>
50	02/21/16 13:13:52.879	luup_log:100: Arduino: urn:micasaverde-com:serviceId:HaDevice1,LastUpdate, 1456082032, 106 <0x7499d520>
06	02/21/16 13:13:52.880	Device_Variable::m_szValue_set device: 106 service: urn:micasaverde-com:serviceId:HaDevice1 variable: [35;1mLastUpdate[0m was: 1456082032 now: 1456082032 #hooks: 0 upnp: 0 skip: 0 v:(nil)/NONE duplicate:1 <0x7499d520>
50	02/21/16 13:13:52.881	luup_log:100: Arduino: urn:micasaverde-com:serviceId:HaDevice1,LastUpdateHR, 13:13, 106 <0x7499d520>
50	02/21/16 13:13:52.928	luup_log:100: Arduino: Log: read: 1-1-0 s=31,c=1,t=25,pt=2,l=2,sg=0:131 <0x7499d520>
50	02/21/16 13:13:52.938	luup_log:100: Arduino: Set variable: 1;31;1;0;25;131 <0x7499d520>
50	02/21/16 13:13:52.939	luup_log:100: Arduino: Setting variable 'Variable2' to value '131' <0x7499d520>
50	02/21/16 13:13:52.940	luup_log:100: Arduino: urn:upnp-org:serviceId:VContainer1,Variable2, 131, 31 <0x7499d520>
50	02/21/16 13:13:52.940	luup_log:100: Arduino: urn:micasaverde-com:serviceId:HaDevice1,LastUpdate, 1456082032, 31 <0x7499d520>
06	02/21/16 13:13:52.941	Device_Variable::m_szValue_set device: 31 service: urn:micasaverde-com:serviceId:HaDevice1 variable: [35;1mLastUpdate[0m was: 1456082032 now: 1456082032 #hooks: 0 upnp: 0 skip: 0 v:(nil)/NONE duplicate:1 <0x7499d520>
50	02/21/16 13:13:52.941	luup_log:100: Arduino: urn:micasaverde-com:serviceId:HaDevice1,LastUpdate, 1456082032, 108 <0x7499d520>
06	02/21/16 13:13:52.942	Device_Variable::m_szValue_set device: 108 service: urn:micasaverde-com:serviceId:HaDevice1 variable: [35;1mLastUpdate[0m was: 1456082032 now: 1456082032 #hooks: 0 upnp: 0 skip: 0 v:(nil)/NONE duplicate:1 <0x7499d520>
50	02/21/16 13:13:52.943	luup_log:100: Arduino: urn:micasaverde-com:serviceId:HaDevice1,LastUpdateHR, 13:13, 108 <0x7499d520>
50	02/21/16 13:13:53.034	luup_log:100: Arduino: Log: read: 4-4-0 s=21,c=1,t=24,pt=2,l=2,sg=0:15 <0x7499d520>
50	02/21/16 13:13:53.036	luup_log:100: Arduino: Set variable: 4;21;1;0;24;15 <0x7499d520>
50	02/21/16 13:13:53.036	luup_log:100: Arduino: Setting variable 'Variable1' to value '15' <0x7499d520>
50	02/21/16 13:13:53.037	luup_log:100: Arduino: urn:upnp-org:serviceId:VContainer1,Variable1, 15, 111 <0x7499d520>
01	02/21/16 13:13:53.038	[31;1mGetLuaInterface can't find device type: 3/0xb2bd18 str: 111[0m <0x7499d520>
01	02/21/16 13:13:53.040	[31;1mluup_variable_get interface 0xb9c620 args 3[0m <0x7499d520>
01	02/21/16 13:13:53.041	[31;1mGetLuaInterface can't find device type: 3/0xb2bd18 str: 111[0m <0x7499d520>
01	02/21/16 13:13:53.049	[31;1mluup_variable_set interface 0xb9c620 args 4[0m <0x7499d520>
50	02/21/16 13:13:53.049	luup_log:100: Arduino: urn:micasaverde-com:serviceId:HaDevice1,LastUpdate, 1456082033, 111 <0x7499d520>
01	02/21/16 13:13:53.050	[31;1mGetLuaInterface can't find device type: 3/0xb2bd18 str: 111[0m <0x7499d520>
01	02/21/16 13:13:53.050	[31;1mluup_variable_get interface 0xb9c620 args 3[0m <0x7499d520>
01	02/21/16 13:13:53.051	[31;1mGetLuaInterface can't find device type: 3/0xb2bd18 str: 111[0m <0x7499d520>
01	02/21/16 13:13:53.051	[31;1mluup_variable_set interface 0xb9c620 args 4[0m <0x7499d520>
50	02/21/16 13:13:53.052	luup_log:100: Arduino: urn:micasaverde-com:serviceId:HaDevice1,LastUpdate, 1456082033, 21 <0x7499d520>
06	02/21/16 13:13:53.053	Device_Variable::m_szValue_set device: 21 service: urn:micasaverde-com:serviceId:HaDevice1 variable: [35;1mLastUpdate[0m was: 1456082032 now: 1456082033 #hooks: 0 upnp: 0 skip: 0 v:(nil)/NONE duplicate:0 <0x7499d520>
50	02/21/16 13:13:53.053	luup_log:100: Arduino: urn:micasaverde-com:serviceId:HaDevice1,LastUpdateHR, 13:13, 21 <0x7499d520>
50	02/21/16 13:13:53.055	luup_log:100: Arduino: Log: read: 1-1-0 s=31,c=1,t=25,pt=2,l=2,sg=0:131 <0x7499d520>
50	02/21/16 13:13:53.057	luup_log:100: Arduino: Set variable: 1;31;1;0;25;131 <0x7499d520>
50	02/21/16 13:13:53.057	luup_log:100: Arduino: Setting variable 'Variable2' to value '131' <0x7499d520>
50	02/21/16 13:13:53.058	luup_log:100: Arduino: urn:upnp-org:serviceId:VContainer1,Variable2, 131, 31 <0x7499d520>
50	02/21/16 13:13:53.069	luup_log:100: Arduino: urn:micasaverde-com:serviceId:HaDevice1,LastUpdate, 1456082033, 31 <0x7499d520>
06	02/21/16 13:13:53.070	Device_Variable::m_szValue_set device: 31 service: urn:micasaverde-com:serviceId:HaDevice1 variable: [35;1mLastUpdate[0m was: 1456082032 now: 1456082033 #hooks: 0 upnp: 0 skip: 0 v:(nil)/NONE duplicate:0 <0x7499d520>
50	02/21/16 13:13:53.071	luup_log:100: Arduino: urn:micasaverde-com:serviceId:HaDevice1,LastUpdate, 1456082033, 108 <0x7499d520>
06	02/21/16 13:13:53.071	Device_Variable::m_szValue_set device: 108 service: urn:micasaverde-com:serviceId:HaDevice1 variable: [35;1mLastUpdate[0m was: 1456082032 now: 1456082033 #hooks: 0 upnp: 0 skip: 0 v:(nil)/NONE duplicate:0 <0x7499d520>
50	02/21/16 13:13:53.072	luup_log:100: Arduino: urn:micasaverde-com:serviceId:HaDevice1,LastUpdateHR, 13:13, 108 <0x7499d520>
50	02/21/16 13:13:53.111	luup_log:100: Arduino: Log: read: 3-3-0 s=2,c=1,t=13,pt=2,l=2,sg=0:186 <0x7499d520>
50	02/21/16 13:13:53.113	luup_log:100: Arduino: Set variable: 3;2;1;0;13;186 <0x7499d520>
50	02/21/16 13:13:53.113	luup_log:100: Arduino: Setting variable 'CurrentDistance' to value '186' <0x7499d520>
50	02/21/16 13:13:53.114	luup_log:100: Arduino: urn:micasaverde-com:serviceId:DistanceSensor1,CurrentDistance, 186, 2 <0x7499d520>
06	02/21/16 13:13:53.115	Device_Variable::m_szValue_set device: 2 service: urn:micasaverde-com:serviceId:DistanceSensor1 variable: [35;1mCurrentDistance[0m was: 179 now: 186 #hooks: 0 upnp: 0 skip: 0 v:(nil)/NONE duplicate:0 <0x7499d520>
50	02/21/16 13:13:53.115	luup_log:100: Arduino: urn:micasaverde-com:serviceId:HaDevice1,LastUpdate, 1456082033, 2 <0x7499d520>
06	02/21/16 13:13:53.116	Device_Variable::m_szValue_set device: 2 service: urn:micasaverde-com:serviceId:HaDevice1 variable: [35;1mLastUpdate[0m was: 1456082032 now: 1456082033 #hooks: 0 upnp: 0 skip: 0 v:(nil)/NONE duplicate:0 <0x7499d520>
50	02/21/16 13:13:53.117	luup_log:100: Arduino: urn:micasaverde-com:serviceId:HaDevice1,LastUpdate, 1456082033, 112 <0x7499d520>
06	02/21/16 13:13:53.117	Device_Variable::m_szValue_set device: 112 service: urn:micasaverde-com:serviceId:HaDevice1 variable: [35;1mLastUpdate[0m was: 1456082032 now: 1456082033 #hooks: 0 upnp: 0 skip: 0 v:(nil)/NONE duplicate:0 <0x7499d520>
50	02/21/16 13:13:53.119	luup_log:100: Arduino: urn:micasaverde-com:serviceId:HaDevice1,LastUpdateHR, 13:13, 112 <0x7499d520>
50	02/21/16 13:13:53.157	luup_log:100: Arduino: Log: read: 1-1-0 s=31,c=1,t=25,pt=2,l=2,sg=0:136 <0x7499d520>
50	02/21/16 13:13:53.163	luup_log:100: Arduino: Set variable: 1;31;1;0;25;136 <0x7499d520>
50	02/21/16 13:13:53.164	luup_log:100: Arduino: Setting variable 'Variable2' to value '136' <0x7499d520>
50	02/21/16 13:13:53.165	luup_log:100: Arduino: urn:upnp-org:serviceId:VContainer1,Variable2, 136, 31 <0x7499d520>
06	02/21/16 13:13:53.165	Device_Variable::m_szValue_set device: 31 service: urn:upnp-org:serviceId:VContainer1 variable: [35;1mVariable2[0m was: 131 now: 136 #hooks: 0 upnp: 0 skip: 0 v:(nil)/NONE duplicate:0 <0x7499d520>
50	02/21/16 13:13:53.168	luup_log:100: Arduino: urn:micasaverde-com:serviceId:HaDevice1,LastUpdate, 1456082033, 31 <0x7499d520>
06	02/21/16 13:13:53.169	Device_Variable::m_szValue_set device: 31 service: urn:micasaverde-com:serviceId:HaDevice1 variable: [35;1mLastUpdate[0m was: 1456082033 now: 1456082033 #hooks: 0 upnp: 0 skip: 0 v:(nil)/NONE duplicate:1 <0x7499d520>
50	02/21/16 13:13:53.172	luup_log:100: Arduino: urn:micasaverde-com:serviceId:HaDevice1,LastUpdate, 1456082033, 108 <0x7499d520>
06	02/21/16 13:13:53.172	Device_Variable::m_szValue_set device: 108 service: urn:micasaverde-com:serviceId:HaDevice1 variable: [35;1mLastUpdate[0m was: 1456082033 now: 1456082033 #hooks: 0 upnp: 0 skip: 0 v:(nil)/NONE duplicate:1 <0x7499d520>
50	02/21/16 13:13:53.174	luup_log:100: Arduino: urn:micasaverde-com:serviceId:HaDevice1,LastUpdateHR, 13:13, 108 <0x7499d520>
50	02/21/16 13:13:53.272	luup_log:100: Arduino: Log: read: 1-1-0 s=31,c=1,t=25,pt=2,l=2,sg=0:132 <0x7499d520>
50	02/21/16 13:13:53.274	luup_log:100: Arduino: Set variable: 1;31;1;0;25;132 <0x7499d520>
50	02/21/16 13:13:53.274	luup_log:100: Arduino: Setting variable 'Variable2' to value '132' <0x7499d520>
50	02/21/16 13:13:53.275	luup_log:100: Arduino: urn:upnp-org:serviceId:VContainer1,Variable2, 132, 31 <0x7499d520>
06	02/21/16 13:13:53.275	Device_Variable::m_szValue_set device: 31 service: urn:upnp-org:serviceId:VContainer1 variable: [35;1mVariable2[0m was: 136 now: 132 #hooks: 0 upnp: 0 skip: 0 v:(nil)/NONE duplicate:0 <0x7499d520>
50	02/21/16 13:13:53.276	luup_log:100: Arduino: urn:micasaverde-com:serviceId:HaDevice1,LastUpdate, 1456082033, 31 <0x7499d520>
06	02/21/16 13:13:53.277	Device_Variable::m_szValue_set device: 31 service: urn:micasaverde-com:serviceId:HaDevice1 variable: [35;1mLastUpdate[0m was: 1456082033 now: 1456082033 #hooks: 0 upnp: 0 skip: 0 v:(nil)/NONE duplicate:1 <0x7499d520>
50	02/21/16 13:13:53.277	luup_log:100: Arduino: urn:micasaverde-com:serviceId:HaDevice1,LastUpdate, 1456082033, 108 <0x7499d520>
06	02/21/16 13:13:53.288	Device_Variable::m_szValue_set device: 108 service: urn:micasaverde-com:serviceId:HaDevice1 variable: [35;1mLastUpdate[0m was: 1456082033 now: 1456082033 #hooks: 0 upnp: 0 skip: 0 v:(nil)/NONE duplicate:1 <0x7499d520>
50	02/21/16 13:13:53.289	luup_log:100: Arduino: urn:micasaverde-com:serviceId:HaDevice1,LastUpdateHR, 13:13, 108 <0x7499d520>
50	02/21/16 13:13:53.387	luup_log:100: Arduino: Log: read: 1-1-0 s=31,c=1,t=25,pt=2,l=2,sg=0:129 <0x7499d520>
50	02/21/16 13:13:53.399	luup_log:100: Arduino: Set variable: 1;31;1;0;25;129 <0x7499d520>
50	02/21/16 13:13:53.399	luup_log:100: Arduino: Setting variable 'Variable2' to value '129' <0x7499d520>
50	02/21/16 13:13:53.400	luup_log:100: Arduino: urn:upnp-org:serviceId:VContainer1,Variable2, 129, 31 <0x7499d520>
06	02/21/16 13:13:53.400	Device_Variable::m_szValue_set device: 31 service: urn:upnp-org:serviceId:VContainer1 variable: [35;1mVariable2[0m was: 132 now: 129 #hooks: 0 upnp: 0 skip: 0 v:(nil)/NONE duplicate:0 <0x7499d520>
50	02/21/16 13:13:53.401	luup_log:100: Arduino: urn:micasaverde-com:serviceId:HaDevice1,LastUpdate, 1456082033, 31 <0x7499d520>
06	02/21/16 13:13:53.402	Device_Variable::m_szValue_set device: 31 service: urn:micasaverde-com:serviceId:HaDevice1 variable: [35;1mLastUpdate[0m was: 1456082033 now: 1456082033 #hooks: 0 upnp: 0 skip: 0 v:(nil)/NONE duplicate:1 <0x7499d520>
50	02/21/16 13:13:53.403	luup_log:100: Arduino: urn:micasaverde-com:serviceId:HaDevice1,LastUpdate, 1456082033, 108 <0x7499d520>
06	02/21/16 13:13:53.403	Device_Variable::m_szValue_set device: 108 service: urn:micasaverde-com:serviceId:HaDevice1 variable: [35;1mLastUpdate[0m was: 1456082033 now: 1456082033 #hooks: 0 upnp: 0 skip: 0 v:(nil)/NONE duplicate:1 <0x7499d520>
50	02/21/16 13:13:53.404	luup_log:100: Arduino: urn:micasaverde-com:serviceId:HaDevice1,LastUpdateHR, 13:13, 108 <0x7499d520>
50	02/21/16 13:13:53.437	luup_log:100: Arduino: Log: read: 2-2-0 s=1,c=1,t=13,pt=2,l=2,sg=0:151 <0x7499d520>
50	02/21/16 13:13:53.440	luup_log:100: Arduino: Set variable: 2;1;1;0;13;151 <0x7499d520>
50	02/21/16 13:13:53.441	luup_log:100: Arduino: Setting variable 'CurrentDistance' to value '151' <0x7499d520>
50	02/21/16 13:13:53.444	luup_log:100: Arduino: urn:micasaverde-com:serviceId:DistanceSensor1,CurrentDistance, 151, 4 <0x7499d520>
06	02/21/16 13:13:53.445	Device_Variable::m_szValue_set device: 4 service: urn:micasaverde-com:serviceId:DistanceSensor1 variable: [35;1mCurrentDistance[0m was: 291 now: 151 #hooks: 0 upnp: 0 skip: 0 v:(nil)/NONE duplicate:0 <0x7499d520>
50	02/21/16 13:13:53.446	luup_log:100: Arduino: urn:micasaverde-com:serviceId:HaDevice1,LastUpdate, 1456082033, 4 <0x7499d520>
06	02/21/16 13:13:53.447	Device_Variable::m_szValue_set device: 4 service: urn:micasaverde-com:serviceId:HaDevice1 variable: [35;1mLastUpdate[0m was: 1456082032 now: 1456082033 #hooks: 0 upnp: 0 skip: 0 v:(nil)/NONE duplicate:0 <0x7499d520>
50	02/21/16 13:13:53.448	luup_log:100: Arduino: urn:micasaverde-com:serviceId:HaDevice1,LastUpdate, 1456082033, 106 <0x7499d520>
06	02/21/16 13:13:53.449	Device_Variable::m_szValue_set device: 106 service: urn:micasaverde-com:serviceId:HaDevice1 variable: [35;1mLastUpdate[0m was: 1456082032 now: 1456082033 #hooks: 0 upnp: 0 skip: 0 v:(nil)/NONE duplicate:0 <0x7499d520>
50	02/21/16 13:13:53.449	luup_log:100: Arduino: urn:micasaverde-com:serviceId:HaDevice1,LastUpdateHR, 13:13, 106 <0x7499d520>
50	02/21/16 13:13:53.504	luup_log:100: Arduino: Log: read: 1-1-0 s=31,c=1,t=25,pt=2,l=2,sg=0:135 <0x7499d520>
50	02/21/16 13:13:53.506	luup_log:100: Arduino: Set variable: 1;31;1;0;25;135 <0x7499d520>
50	02/21/16 13:13:53.507	luup_log:100: Arduino: Setting variable 'Variable2' to value '135' <0x7499d520>
50	02/21/16 13:13:53.507	luup_log:100: Arduino: urn:upnp-org:serviceId:VContainer1,Variable2, 135, 31 <0x7499d520>
06	02/21/16 13:13:53.510	Device_Variable::m_szValue_set device: 31 service: urn:upnp-org:serviceId:VContainer1 variable: [35;1mVariable2[0m was: 129 now: 135 #hooks: 0 upnp: 0 skip: 0 v:(nil)/NONE duplicate:0 <0x7499d520>
50	02/21/16 13:13:53.512	luup_log:100: Arduino: urn:micasaverde-com:serviceId:HaDevice1,LastUpdate, 1456082033, 31 <0x7499d520>
06	02/21/16 13:13:53.513	Device_Variable::m_szValue_set device: 31 service: urn:micasaverde-com:serviceId:HaDevice1 variable: [35;1mLastUpdate[0m was: 1456082033 now: 1456082033 #hooks: 0 upnp: 0 skip: 0 v:(nil)/NONE duplicate:1 <0x7499d520>
50	02/21/16 13:13:53.514	luup_log:100: Arduino: urn:micasaverde-com:serviceId:HaDevice1,LastUpdate, 1456082033, 108 <0x7499d520>
06	02/21/16 13:13:53.514	Device_Variable::m_szValue_set device: 108 service: urn:micasaverde-com:serviceId:HaDevice1 variable: [35;1mLastUpdate[0m was: 1456082033 now: 1456082033 #hooks: 0 upnp: 0 skip: 0 v:(nil)/NONE duplicate:1 <0x7499d520>
50	02/21/16 13:13:53.515	luup_log:100: Arduino: urn:micasaverde-com:serviceId:HaDevice1,LastUpdateHR, 13:13, 108 <0x7499d520>
50	02/21/16 13:13:53.624	luup_log:100: Arduino: Log: read: 1-1-0 s=31,c=1,t=25,pt=2,l=2,sg=0:129 <0x7499d520>
50	02/21/16 13:13:53.625	luup_log:100: Arduino: Set variable: 1;31;1;0;25;129 <0x7499d520>
50	02/21/16 13:13:53.626	luup_log:100: Arduino: Setting variable 'Variable2' to value '129' <0x7499d520>
50	02/21/16 13:13:53.626	luup_log:100: Arduino: urn:upnp-org:serviceId:VContainer1,Variable2, 129, 31 <0x7499d520>
06	02/21/16 13:13:53.627	Device_Variable::m_szValue_set device: 31 service: urn:upnp-org:serviceId:VContainer1 variable: [35;1mVariable2[0m was: 135 now: 129 #hooks: 0 upnp: 0 skip: 0 v:(nil)/NONE duplicate:0 <0x7499d520>
50	02/21/16 13:13:53.628	luup_log:100: Arduino: urn:micasaverde-com:serviceId:HaDevice1,LastUpdate, 1456082033, 31 <0x7499d520>
06	02/21/16 13:13:53.629	Device_Variable::m_szValue_set device: 31 service: urn:micasaverde-com:serviceId:HaDevice1 variable: [35;1mLastUpdate[0m was: 1456082033 now: 1456082033 #hooks: 0 upnp: 0 skip: 0 v:(nil)/NONE duplicate:1 <0x7499d520>
50	02/21/16 13:13:53.630	luup_log:100: Arduino: urn:micasaverde-com:serviceId:HaDevice1,LastUpdate, 1456082033, 108 <0x7499d520>
06	02/21/16 13:13:53.630	Device_Variable::m_szValue_set device: 108 service: urn:micasaverde-com:serviceId:HaDevice1 variable: [35;1mLastUpdate[0m was: 1456082033 now: 1456082033 #hooks: 0 upnp: 0 skip: 0 v:(nil)/NONE duplicate:1 <0x7499d520>
50	02/21/16 13:13:53.631	luup_log:100: Arduino: urn:micasaverde-com:serviceId:HaDevice1,LastUpdateHR, 13:13, 108 <0x7499d520>
50	02/21/16 13:13:53.670	luup_log:100: Arduino: Log: read: 4-4-0 s=21,c=1,t=24,pt=2,l=2,sg=0:15 <0x7499d520>
50	02/21/16 13:13:53.672	luup_log:100: Arduino: Set variable: 4;21;1;0;24;15 <0x7499d520>
50	02/21/16 13:13:53.673	luup_log:100: Arduino: Setting variable 'Variable1' to value '15' <0x7499d520>
50	02/21/16 13:13:53.673	luup_log:100: Arduino: urn:upnp-org:serviceId:VContainer1,Variable1, 15, 111 <0x7499d520>
01	02/21/16 13:13:53.674	[31;1mGetLuaInterface can't find device type: 3/0xb2bd18 str: 111[0m <0x7499d520>
01	02/21/16 13:13:53.674	[31;1mluup_variable_get interface 0xb9c620 args 3[0m <0x7499d520>
01	02/21/16 13:13:53.675	[31;1mGetLuaInterface can't find device type: 3/0xb2bd18 str: 111[0m <0x7499d520>
01	02/21/16 13:13:53.675	[31;1mluup_variable_set interface 0xb9c620 args 4[0m <0x7499d520>
50	02/21/16 13:13:53.676	luup_log:100: Arduino: urn:micasaverde-com:serviceId:HaDevice1,LastUpdate, 1456082033, 111 <0x7499d520>
01	02/21/16 13:13:53.676	[31;1mGetLuaInterface can't find device type: 3/0xb2bd18 str: 111[0m <0x7499d520>
01	02/21/16 13:13:53.677	[31;1mluup_variable_get interface 0xb9c620 args 3[0m <0x7499d520>
01	02/21/16 13:13:53.677	[31;1mGetLuaInterface can't find device type: 3/0xb2bd18 str: 111[0m <0x7499d520>
01	02/21/16 13:13:53.688	[31;1mluup_variable_set interface 0xb9c620 args 4[0m <0x7499d520>
50	02/21/16 13:13:53.689	luup_log:100: Arduino: urn:micasaverde-com:serviceId:HaDevice1,LastUpdate, 1456082033, 21 <0x7499d520>
06	02/21/16 13:13:53.690	Device_Variable::m_szValue_set device: 21 service: urn:micasaverde-com:serviceId:HaDevice1 variable: [35;1mLastUpdate[0m was: 1456082033 now: 1456082033 #hooks: 0 upnp: 0 skip: 0 v:(nil)/NONE duplicate:1 <0x7499d520>
50	02/21/16 13:13:53.691	luup_log:100: Arduino: urn:micasaverde-com:serviceId:HaDevice1,LastUpdateHR, 13:13, 21 <0x7499d520>
50	02/21/16 13:13:53.692	luup_log:100: Arduino: Log: read: 3-3-0 s=2,c=1,t=13,pt=2,l=2,sg=0:181 <0x7499d520>
50	02/21/16 13:13:53.693	luup_log:100: Arduino: Set variable: 3;2;1;0;13;181 <0x7499d520>
50	02/21/16 13:13:53.694	luup_log:100: Arduino: Setting variable 'CurrentDistance' to value '181' <0x7499d520>
50	02/21/16 13:13:53.694	luup_log:100: Arduino: urn:micasaverde-com:serviceId:DistanceSensor1,CurrentDistance, 181, 2 <0x7499d520>
06	02/21/16 13:13:53.695	Device_Variable::m_szValue_set device: 2 service: urn:micasaverde-com:serviceId:DistanceSensor1 variable: [35;1mCurrentDistance[0m was: 186 now: 181 #hooks: 0 upnp: 0 skip: 0 v:(nil)/NONE duplicate:0 <0x7499d520>
50	02/21/16 13:13:53.696	luup_log:100: Arduino: urn:micasaverde-com:serviceId:HaDevice1,LastUpdate, 1456082033, 2 <0x7499d520>
06	02/21/16 13:13:53.696	Device_Variable::m_szValue_set device: 2 service: urn:micasaverde-com:serviceId:HaDevice1 variable: [35;1mLastUpdate[0m was: 1456082033 now: 1456082033 #hooks: 0 upnp: 0 skip: 0 v:(nil)/NONE duplicate:1 <0x7499d520>
50	02/21/16 13:13:53.697	luup_log:100: Arduino: urn:micasaverde-com:serviceId:HaDevice1,LastUpdate, 1456082033, 112 <0x7499d520>
06	02/21/16 13:13:53.697	Device_Variable::m_szValue_set device: 112 service: urn:micasaverde-com:serviceId:HaDevice1 variable: [35;1mLastUpdate[0m was: 1456082033 now: 1456082033 #hooks: 0 upnp: 0 skip: 0 v:(nil)/NONE duplicate:1 <0x7499d520>
50	02/21/16 13:13:53.702	luup_log:100: Arduino: urn:micasaverde-com:serviceId:HaDevice1,LastUpdateHR, 13:13, 112 <0x7499d520>
50	02/21/16 13:13:53.733	luup_log:100: Arduino: Log: read: 1-1-0 s=31,c=1,t=25,pt=2,l=2,sg=0:133 <0x7499d520>
50	02/21/16 13:13:53.735	luup_log:100: Arduino: Set variable: 1;31;1;0;25;133 <0x7499d520>
50	02/21/16 13:13:53.736	luup_log:100: Arduino: Setting variable 'Variable2' to value '133' <0x7499d520>
50	02/21/16 13:13:53.736	luup_log:100: Arduino: urn:upnp-org:serviceId:VContainer1,Variable2, 133, 31 <0x7499d520>
06	02/21/16 13:13:53.737	Device_Variable::m_szValue_set device: 31 service: urn:upnp-org:serviceId:VContainer1 variable: [35;1mVariable2[0m was: 129 now: 133 #hooks: 0 upnp: 0 skip: 0 v:(nil)/NONE duplicate:0 <0x7499d520>
50	02/21/16 13:13:53.737	luup_log:100: Arduino: urn:micasaverde-com:serviceId:HaDevice1,LastUpdate, 1456082033, 31 <0x7499d520>
06	02/21/16 13:13:53.739	Device_Variable::m_szValue_set device: 31 service: urn:micasaverde-com:serviceId:HaDevice1 variable: [35;1mLastUpdate[0m was: 1456082033 now: 1456082033 #hooks: 0 upnp: 0 skip: 0 v:(nil)/NONE duplicate:1 <0x7499d520>
50	02/21/16 13:13:53.739	luup_log:100: Arduino: urn:micasaverde-com:serviceId:HaDevice1,LastUpdate, 1456082033, 108 <0x7499d520>
06	02/21/16 13:13:53.740	Device_Variable::m_szValue_set device: 108 service: urn:micasaverde-com:serviceId:HaDevice1 variable: [35;1mLastUpdate[0m was: 1456082033 now: 1456082033 #hooks: 0 upnp: 0 skip: 0 v:(nil)/NONE duplicate:1 <0x7499d520>
50	02/21/16 13:13:53.742	luup_log:100: Arduino: urn:micasaverde-com:serviceId:HaDevice1,LastUpdateHR, 13:13, 108 <0x7499d520>
50	02/21/16 13:13:53.855	luup_log:100: Arduino: Log: read: 1-1-0 s=31,c=1,t=25,pt=2,l=2,sg=0:134 <0x7499d520>
50	02/21/16 13:13:53.856	luup_log:100: Arduino: Set variable: 1;31;1;0;25;134 <0x7499d520>
50	02/21/16 13:13:53.857	luup_log:100: Arduino: Setting variable 'Variable2' to value '134' <0x7499d520>
50	02/21/16 13:13:53.857	luup_log:100: Arduino: urn:upnp-org:serviceId:VContainer1,Variable2, 134, 31 <0x7499d520>
06	02/21/16 13:13:53.858	Device_Variable::m_szValue_set device: 31 service: urn:upnp-org:serviceId:VContainer1 variable: [35;1mVariable2[0m was: 133 now: 134 #hooks: 0 upnp: 0 skip: 0 v:(nil)/NONE duplicate:0 <0x7499d520>
50	02/21/16 13:13:53.860	luup_log:100: Arduino: urn:micasaverde-com:serviceId:HaDevice1,LastUpdate, 1456082033, 31 <0x7499d520>
06	02/21/16 13:13:53.861	Device_Variable::m_szValue_set device: 31 service: urn:micasaverde-com:serviceId:HaDevice1 variable: [35;1mLastUpdate[0m was: 1456082033 now: 1456082033 #hooks: 0 upnp: 0 skip: 0 v:(nil)/NONE duplicate:1 <0x7499d520>
50	02/21/16 13:13:53.861	luup_log:100: Arduino: urn:micasaverde-com:serviceId:HaDevice1,LastUpdate, 1456082033, 108 <0x7499d520>
06	02/21/16 13:13:53.864	Device_Variable::m_szValue_set device: 108 service: urn:micasaverde-com:serviceId:HaDevice1 variable: [35;1mLastUpdate[0m was: 1456082033 now: 1456082033 #hooks: 0 upnp: 0 skip: 0 v:(nil)/NONE duplicate:1 <0x7499d520>
50	02/21/16 13:13:53.865	luup_log:100: Arduino: urn:micasaverde-com:serviceId:HaDevice1,LastUpdateHR, 13:13, 108 <0x7499d520>
50	02/21/16 13:13:53.911	luup_log:100: Arduino: Log: read: 2-2-0 s=5,c=1,t=13,pt=2,l=2,sg=0:290 <0x7499d520>
50	02/21/16 13:13:53.913	luup_log:100: Arduino: Set variable: 2;5;1;0;13;290 <0x7499d520>
50	02/21/16 13:13:53.914	luup_log:100: Arduino: Setting variable 'CurrentDistance' to value '290' <0x7499d520>
50	02/21/16 13:13:53.914	luup_log:100: Arduino: urn:micasaverde-com:serviceId:DistanceSensor1,CurrentDistance, 290, 5 <0x7499d520>
06	02/21/16 13:13:53.915	Device_Variable::m_szValue_set device: 5 service: urn:micasaverde-com:serviceId:DistanceSensor1 variable: [35;1mCurrentDistance[0m was: 0 now: 290 #hooks: 0 upnp: 0 skip: 0 v:(nil)/NONE duplicate:0 <0x7499d520>
50	02/21/16 13:13:53.916	luup_log:100: Arduino: urn:micasaverde-com:serviceId:HaDevice1,LastUpdate, 1456082033, 5 <0x7499d520>
06	02/21/16 13:13:53.916	Device_Variable::m_szValue_set device: 5 service: urn:micasaverde-com:serviceId:HaDevice1 variable: [35;1mLastUpdate[0m was: 1456082023 now: 1456082033 #hooks: 0 upnp: 0 skip: 0 v:(nil)/NONE duplicate:0 <0x7499d520>
50	02/21/16 13:13:53.917	luup_log:100: Arduino: urn:micasaverde-com:serviceId:HaDevice1,LastUpdate, 1456082033, 106 <0x7499d520>
06	02/21/16 13:13:53.918	Device_Variable::m_szValue_set device: 106 service: urn:micasaverde-com:serviceId:HaDevice1 variable: [35;1mLastUpdate[0m was: 1456082033 now: 1456082033 #hooks: 0 upnp: 0 skip: 0 v:(nil)/NONE duplicate:1 <0x7499d520>
50	02/21/16 13:13:53.928	luup_log:100: Arduino: urn:micasaverde-com:serviceId:HaDevice1,LastUpdateHR, 13:13, 106 <0x7499d520>
50	02/21/16 13:13:53.965	luup_log:100: Arduino: Log: read: 1-1-0 s=31,c=1,t=25,pt=2,l=2,sg=0:132 <0x7499d520>
50	02/21/16 13:13:53.967	luup_log:100: Arduino: Set variable: 1;31;1;0;25;132 <0x7499d520>
50	02/21/16 13:13:53.968	luup_log:100: Arduino: Setting variable 'Variable2' to value '132' <0x7499d520>
50	02/21/16 13:13:53.978	luup_log:100: Arduino: urn:upnp-org:serviceId:VContainer1,Variable2, 132, 31 <0x7499d520>
06	02/21/16 13:13:53.979	Device_Variable::m_szValue_set device: 31 service: urn:upnp-org:serviceId:VContainer1 variable: [35;1mVariable2[0m was: 134 now: 132 #hooks: 0 upnp: 0 skip: 0 v:(nil)/NONE duplicate:0 <0x7499d520>
50	02/21/16 13:13:53.980	luup_log:100: Arduino: urn:micasaverde-com:serviceId:HaDevice1,LastUpdate, 1456082033, 31 <0x7499d520>
06	02/21/16 13:13:53.980	Device_Variable::m_szValue_set device: 31 service: urn:micasaverde-com:serviceId:HaDevice1 variable: [35;1mLastUpdate[0m was: 1456082033 now: 1456082033 #hooks: 0 upnp: 0 skip: 0 v:(nil)/NONE duplicate:1 <0x7499d520>
50	02/21/16 13:13:53.981	luup_log:100: Arduino: urn:micasaverde-com:serviceId:HaDevice1,LastUpdate, 1456082033, 108 <0x7499d520>
06	02/21/16 13:13:53.982	Device_Variable::m_szValue_set device: 108 service: urn:micasaverde-com:serviceId:HaDevice1 variable: [35;1mLastUpdate[0m was: 1456082033 now: 1456082033 #hooks: 0 upnp: 0 skip: 0 v:(nil)/NONE duplicate:1 <0x7499d520>
50	02/21/16 13:13:53.983	luup_log:100: Arduino: urn:micasaverde-com:serviceId:HaDevice1,LastUpdateHR, 13:13, 108 <0x7499d520>
50	02/21/16 13:13:54.009	luup_log:100: Arduino: Log: read: 2-2-0 s=1,c=1,t=13,pt=2,l=2,sg=0:0 <0x7499d520>
50	02/21/16 13:13:54.011	luup_log:100: Arduino: Set variable: 2;1;1;0;13;0 <0x7499d520>
50	02/21/16 13:13:54.012	luup_log:100: Arduino: Setting variable 'CurrentDistance' to value '0' <0x7499d520>
50	02/21/16 13:13:54.012	luup_log:100: Arduino: urn:micasaverde-com:serviceId:DistanceSensor1,CurrentDistance, 0, 4 <0x7499d520>
06	02/21/16 13:13:54.013	Device_Variable::m_szValue_set device: 4 service: urn:micasaverde-com:serviceId:DistanceSensor1 variable: [35;1mCurrentDistance[0m was: 151 now: 0 #hooks: 0 upnp: 0 skip: 0 v:(nil)/NONE duplicate:0 <0x7499d520>
50	02/21/16 13:13:54.014	luup_log:100: Arduino: urn:micasaverde-com:serviceId:HaDevice1,LastUpdate, 1456082034, 4 <0x7499d520>
06	02/21/16 13:13:54.014	Device_Variable::m_szValue_set device: 4 service: urn:micasaverde-com:serviceId:HaDevice1 variable: [35;1mLastUpdate[0m was: 1456082033 now: 1456082034 #hooks: 0 upnp: 0 skip: 0 v:(nil)/NONE duplicate:0 <0x7499d520>
50	02/21/16 13:13:54.015	luup_log:100: Arduino: urn:micasaverde-com:serviceId:HaDevice1,LastUpdate, 1456082034, 106 <0x7499d520>
06	02/21/16 13:13:54.016	Device_Variable::m_szValue_set device: 106 service: urn:micasaverde-com:serviceId:HaDevice1 variable: [35;1mLastUpdate[0m was: 1456082033 now: 1456082034 #hooks: 0 upnp: 0 skip: 0 v:(nil)/NONE duplicate:0 <0x7499d520>
50	02/21/16 13:13:54.016	luup_log:100: Arduino: urn:micasaverde-com:serviceId:HaDevice1,LastUpdateHR, 13:13, 106 <0x7499d520>
50	02/21/16 13:13:54.080	luup_log:100: Arduino: Log: read: 1-1-0 s=31,c=1,t=25,pt=2,l=2,sg=0:129 <0x7499d520>
50	02/21/16 13:13:54.082	luup_log:100: Arduino: Set variable: 1;31;1;0;25;129 <0x7499d520>
50	02/21/16 13:13:54.083	luup_log:100: Arduino: Setting variable 'Variable2' to value '129' <0x7499d520>
50	02/21/16 13:13:54.083	luup_log:100: Arduino: urn:upnp-org:serviceId:VContainer1,Variable2, 129, 31 <0x7499d520>
06	02/21/16 13:13:54.084	Device_Variable::m_szValue_set device: 31 service: urn:upnp-org:serviceId:VContainer1 variable: [35;1mVariable2[0m was: 132 now: 129 #hooks: 0 upnp: 0 skip: 0 v:(nil)/NONE duplicate:0 <0x7499d520>
50	02/21/16 13:13:54.085	luup_log:100: Arduino: urn:micasaverde-com:serviceId:HaDevice1,LastUpdate, 1456082034, 31 <0x7499d520>
06	02/21/16 13:13:54.085	Device_Variable::m_szValue_set device: 31 service: urn:micasaverde-com:serviceId:HaDevice1 variable: [35;1mLastUpdate[0m was: 1456082033 now: 1456082034 #hooks: 0 upnp: 0 skip: 0 v:(nil)/NONE duplicate:0 <0x7499d520>
50	02/21/16 13:13:54.086	luup_log:100: Arduino: urn:micasaverde-com:serviceId:HaDevice1,LastUpdate, 1456082034, 108 <0x7499d520>
06	02/21/16 13:13:54.087	Device_Variable::m_szValue_set device: 108 service: urn:micasaverde-com:serviceId:HaDevice1 variable: [35;1mLastUpdate[0m was: 1456082033 now: 1456082034 #hooks: 0 upnp: 0 skip: 0 v:(nil)/NONE duplicate:0 <0x7499d520>
50	02/21/16 13:13:54.088	luup_log:100: Arduino: urn:micasaverde-com:serviceId:HaDevice1,LastUpdateHR, 13:13, 108 <0x7499d520>
50	02/21/16 13:13:54.195	luup_log:100: Arduino: Log: read: 1-1-0 s=31,c=1,t=25,pt=2,l=2,sg=0:130 <0x7499d520>
50	02/21/16 13:13:54.197	luup_log:100: Arduino: Set variable: 1;31;1;0;25;130 <0x7499d520>
50	02/21/16 13:13:54.198	luup_log:100: Arduino: Setting variable 'Variable2' to value '130' <0x7499d520>
50	02/21/16 13:13:54.201	luup_log:100: Arduino: urn:upnp-org:serviceId:VContainer1,Variable2, 130, 31 <0x7499d520>
06	02/21/16 13:13:54.201	Device_Variable::m_szValue_set device: 31 service: urn:upnp-org:serviceId:VContainer1 variable: [35;1mVariable2[0m was: 129 now: 130 #hooks: 0 upnp: 0 skip: 0 v:(nil)/NONE duplicate:0 <0x7499d520>
50	02/21/16 13:13:54.204	luup_log:100: Arduino: urn:micasaverde-com:serviceId:HaDevice1,LastUpdate, 1456082034, 31 <0x7499d520>
06	02/21/16 13:13:54.204	Device_Variable::m_szValue_set device: 31 service: urn:micasaverde-com:serviceId:HaDevice1 variable: [35;1mLastUpdate[0m was: 1456082034 now: 1456082034 #hooks: 0 upnp: 0 skip: 0 v:(nil)/NONE duplicate:1 <0x7499d520>
50	02/21/16 13:13:54.205	luup_log:100: Arduino: urn:micasaverde-com:serviceId:HaDevice1,LastUpdate, 1456082034, 108 <0x7499d520>
06	02/21/16 13:13:54.206	Device_Variable::m_szValue_set device: 108 service: urn:micasaverde-com:serviceId:HaDevice1 variable: [35;1mLastUpdate[0m was: 1456082034 now: 1456082034 #hooks: 0 upnp: 0 skip: 0 v:(nil)/NONE duplicate:1 <0x7499d520>
50	02/21/16 13:13:54.209	luup_log:100: Arduino: urn:micasaverde-com:serviceId:HaDevice1,LastUpdateHR, 13:13, 108 <0x7499d520>
50	02/21/16 13:13:54.245	luup_log:100: Arduino: Log: read: 3-3-0 s=2,c=1,t=13,pt=2,l=2,sg=0:145 <0x7499d520>
50	02/21/16 13:13:54.247	luup_log:100: Arduino: Set variable: 3;2;1;0;13;145 <0x7499d520>
50	02/21/16 13:13:54.259	luup_log:100: Arduino: Setting variable 'CurrentDistance' to value '145' <0x7499d520>
50	02/21/16 13:13:54.260	luup_log:100: Arduino: urn:micasaverde-com:serviceId:DistanceSensor1,CurrentDistance, 145, 2 <0x7499d520>
06	02/21/16 13:13:54.260	Device_Variable::m_szValue_set device: 2 service: urn:micasaverde-com:serviceId:DistanceSensor1 variable: [35;1mCurrentDistance[0m was: 181 now: 145 #hooks: 0 upnp: 0 skip: 0 v:(nil)/NONE duplicate:0 <0x7499d520>
50	02/21/16 13:13:54.261	luup_log:100: Arduino: urn:micasaverde-com:serviceId:HaDevice1,LastUpdate, 1456082034, 2 <0x7499d520>
06	02/21/16 13:13:54.262	Device_Variable::m_szValue_set device: 2 service: urn:micasaverde-com:serviceId:HaDevice1 variable: [35;1mLastUpdate[0m was: 1456082033 now: 1456082034 #hooks: 0 upnp: 0 skip: 0 v:(nil)/NONE duplicate:0 <0x7499d520>
50	02/21/16 13:13:54.262	luup_log:100: Arduino: urn:micasaverde-com:serviceId:HaDevice1,LastUpdate, 1456082034, 112 <0x7499d520>
06	02/21/16 13:13:54.263	Device_Variable::m_szValue_set device: 112 service: urn:micasaverde-com:serviceId:HaDevice1 variable: [35;1mLastUpdate[0m was: 1456082033 now: 1456082034 #hooks: 0 upnp: 0 skip: 0 v:(nil)/NONE duplicate:0 <0x7499d520>
50	02/21/16 13:13:54.264	luup_log:100: Arduino: urn:micasaverde-com:serviceId:HaDevice1,LastUpdateHR, 13:13, 112 <0x7499d520>
50	02/21/16 13:13:54.307	luup_log:100: Arduino: Log: read: 4-4-0 s=21,c=1,t=24,pt=2,l=2,sg=0:15 <0x7499d520>
50	02/21/16 13:13:54.309	luup_log:100: Arduino: Set variable: 4;21;1;0;24;15 <0x7499d520>
50	02/21/16 13:13:54.310	luup_log:100: Arduino: Setting variable 'Variable1' to value '15' <0x7499d520>
50	02/21/16 13:13:54.311	luup_log:100: Arduino: urn:upnp-org:serviceId:VContainer1,Variable1, 15, 111 <0x7499d520>
01	02/21/16 13:13:54.312	[31;1mGetLuaInterface can't find device type: 3/0xb2bd18 str: 111[0m <0x7499d520>
01	02/21/16 13:13:54.313	[31;1mluup_variable_get interface 0xb9c620 args 3[0m <0x7499d520>
01	02/21/16 13:13:54.313	[31;1mGetLuaInterface can't find device type: 3/0xb2bd18 str: 111[0m <0x7499d520>
01	02/21/16 13:13:54.314	[31;1mluup_variable_set interface 0xb9c620 args 4[0m <0x7499d520>
50	02/21/16 13:13:54.315	luup_log:100: Arduino: urn:micasaverde-com:serviceId:HaDevice1,LastUpdate, 1456082034, 111 <0x7499d520>
01	02/21/16 13:13:54.315	[31;1mGetLuaInterface can't find device type: 3/0xb2bd18 str: 111[0m <0x7499d520>
01	02/21/16 13:13:54.316	[31;1mluup_variable_get interface 0xb9c620 args 3[0m <0x7499d520>
01	02/21/16 13:13:54.316	[31;1mGetLuaInterface can't find device type: 3/0xb2bd18 str: 111[0m <0x7499d520>
01	02/21/16 13:13:54.317	[31;1mluup_variable_set interface 0xb9c620 args 4[0m <0x7499d520>
50	02/21/16 13:13:54.318	luup_log:100: Arduino: urn:micasaverde-com:serviceId:HaDevice1,LastUpdate, 1456082034, 21 <0x7499d520>
06	02/21/16 13:13:54.318	Device_Variable::m_szValue_set device: 21 service: urn:micasaverde-com:serviceId:HaDevice1 variable: [35;1mLastUpdate[0m was: 1456082033 now: 1456082034 #hooks: 0 upnp: 0 skip: 0 v:(nil)/NONE duplicate:0 <0x7499d520>
50	02/21/16 13:13:54.319	luup_log:100: Arduino: urn:micasaverde-com:serviceId:HaDevice1,LastUpdateHR, 13:13, 21 <0x7499d520>
50	02/21/16 13:13:54.321	luup_log:100: Arduino: Log: read: 1-1-0 s=31,c=1,t=25,pt=2,l=2,sg=0:133 <0x7499d520>
50	02/21/16 13:13:54.323	luup_log:100: Arduino: Set variable: 1;31;1;0;25;133 <0x7499d520>
50	02/21/16 13:13:54.324	luup_log:100: Arduino: Setting variable 'Variable2' to value '133' <0x7499d520>
50	02/21/16 13:13:54.325	luup_log:100: Arduino: urn:upnp-org:serviceId:VContainer1,Variable2, 133, 31 <0x7499d520>
06	02/21/16 13:13:54.327	Device_Variable::m_szValue_set device: 31 service: urn:upnp-org:serviceId:VContainer1 variable: [35;1mVariable2[0m was: 130 now: 133 #hooks: 0 upnp: 0 skip: 0 v:(nil)/NONE duplicate:0 <0x7499d520>
50	02/21/16 13:13:54.329	luup_log:100: Arduino: urn:micasaverde-com:serviceId:HaDevice1,LastUpdate, 1456082034, 31 <0x7499d520>
06	02/21/16 13:13:54.329	Device_Variable::m_szValue_set device: 31 service: urn:micasaverde-com:serviceId:HaDevice1 variable: [35;1mLastUpdate[0m was: 1456082034 now: 1456082034 #hooks: 0 upnp: 0 skip: 0 v:(nil)/NONE duplicate:1 <0x7499d520>
50	02/21/16 13:13:54.330	luup_log:100: Arduino: urn:micasaverde-com:serviceId:HaDevice1,LastUpdate, 1456082034, 108 <0x7499d520>
06	02/21/16 13:13:54.331	Device_Variable::m_szValue_set device: 108 service: urn:micasaverde-com:serviceId:HaDevice1 variable: [35;1mLastUpdate[0m was: 1456082034 now: 1456082034 #hooks: 0 upnp: 0 skip: 0 v:(nil)/NONE duplicate:1 <0x7499d520>
50	02/21/16 13:13:54.331	luup_log:100: Arduino: urn:micasaverde-com:serviceId:HaDevice1,LastUpdateHR, 13:13, 108 <0x7499d520>
50	02/21/16 13:13:54.427	luup_log:100: Arduino: Log: read: 1-1-0 s=31,c=1,t=25,pt=2,l=2,sg=0:134 <0x7499d520>
50	02/21/16 13:13:54.434	luup_log:100: Arduino: Set variable: 1;31;1;0;25;134 <0x7499d520>
50	02/21/16 13:13:54.435	luup_log:100: Arduino: Setting variable 'Variable2' to value '134' <0x7499d520>
50	02/21/16 13:13:54.436	luup_log:100: Arduino: urn:upnp-org:serviceId:VContainer1,Variable2, 134, 31 <0x7499d520>
06	02/21/16 13:13:54.436	Device_Variable::m_szValue_set device: 31 service: urn:upnp-org:serviceId:VContainer1 variable: [35;1mVariable2[0m was: 133 now: 134 #hooks: 0 upnp: 0 skip: 0 v:(nil)/NONE duplicate:0 <0x7499d520>
50	02/21/16 13:13:54.437	luup_log:100: Arduino: urn:micasaverde-com:serviceId:HaDevice1,LastUpdate, 1456082034, 31 <0x7499d520>
06	02/21/16 13:13:54.438	Device_Variable::m_szValue_set device: 31 service: urn:micasaverde-com:serviceId:HaDevice1 variable: [35;1mLastUpdate[0m was: 1456082034 now: 1456082034 #hooks: 0 upnp: 0 skip: 0 v:(nil)/NONE duplicate:1 <0x7499d520>
50	02/21/16 13:13:54.440	luup_log:100: Arduino: urn:micasaverde-com:serviceId:HaDevice1,LastUpdate, 1456082034, 108 <0x7499d520>
06	02/21/16 13:13:54.441	Device_Variable::m_szValue_set device: 108 service: urn:micasaverde-com:serviceId:HaDevice1 variable: [35;1mLastUpdate[0m was: 1456082034 now: 1456082034 #hooks: 0 upnp: 0 skip: 0 v:(nil)/NONE duplicate:1 <0x7499d520>
50	02/21/16 13:13:54.444	luup_log:100: Arduino: urn:micasaverde-com:serviceId:HaDevice1,LastUpdateHR, 13:13, 108 <0x7499d520>
50	02/21/16 13:13:54.490	luup_log:100: Arduino: Log: read: 2-2-0 s=5,c=1,t=13,pt=2,l=2,sg=0:0 <0x7499d520>
50	02/21/16 13:13:54.492	luup_log:100: Arduino: Set variable: 2;5;1;0;13;0 <0x7499d520>
50	02/21/16 13:13:54.493	luup_log:100: Arduino: Setting variable 'CurrentDistance' to value '0' <0x7499d520>
50	02/21/16 13:13:54.493	luup_log:100: Arduino: urn:micasaverde-com:serviceId:DistanceSensor1,CurrentDistance, 0, 5 <0x7499d520>
06	02/21/16 13:13:54.494	Device_Variable::m_szValue_set device: 5 service: urn:micasaverde-com:serviceId:DistanceSensor1 variable: [35;1mCurrentDistance[0m was: 290 now: 0 #hooks: 0 upnp: 0 skip: 0 v:(nil)/NONE duplicate:0 <0x7499d520>
50	02/21/16 13:13:54.494	luup_log:100: Arduino: urn:micasaverde-com:serviceId:HaDevice1,LastUpdate, 1456082034, 5 <0x7499d520>
06	02/21/16 13:13:54.495	Device_Variable::m_szValue_set device: 5 service: urn:micasaverde-com:serviceId:HaDevice1 variable: [35;1mLastUpdate[0m was: 1456082033 now: 1456082034 #hooks: 0 upnp: 0 skip: 0 v:(nil)/NONE duplicate:0 <0x7499d520>
50	02/21/16 13:13:54.496	luup_log:100: Arduino: urn:micasaverde-com:serviceId:HaDevice1,LastUpdate, 1456082034, 106 <0x7499d520>
06	02/21/16 13:13:54.496	Device_Variable::m_szValue_set device: 106 service: urn:micasaverde-com:serviceId:HaDevice1 variable: [35;1mLastUpdate[0m was: 1456082034 now: 1456082034 #hooks: 0 upnp: 0 skip: 0 v:(nil)/NONE duplicate:1 <0x7499d520>
50	02/21/16 13:13:54.497	luup_log:100: Arduino: urn:micasaverde-com:serviceId:HaDevice1,LastUpdateHR, 13:13, 106 <0x7499d520>
50	02/21/16 13:13:54.542	luup_log:100: Arduino: Log: read: 1-1-0 s=31,c=1,t=25,pt=2,l=2,sg=0:129 <0x7499d520>
50	02/21/16 13:13:54.544	luup_log:100: Arduino: Set variable: 1;31;1;0;25;129 <0x7499d520>
50	02/21/16 13:13:54.545	luup_log:100: Arduino: Setting variable 'Variable2' to value '129' <0x7499d520>
50	02/21/16 13:13:54.545	luup_log:100: Arduino: urn:upnp-org:serviceId:VContainer1,Variable2, 129, 31 <0x7499d520>
06	02/21/16 13:13:54.546	Device_Variable::m_szValue_set device: 31 service: urn:upnp-org:serviceId:VContainer1 variable: [35;1mVariable2[0m was: 134 now: 129 #hooks: 0 upnp: 0 skip: 0 v:(nil)/NONE duplicate:0 <0x7499d520>
50	02/21/16 13:13:54.547	luup_log:100: Arduino: urn:micasaverde-com:serviceId:HaDevice1,LastUpdate, 1456082034, 31 <0x7499d520>
06	02/21/16 13:13:54.547	Device_Variable::m_szValue_set device: 31 service: urn:micasaverde-com:serviceId:HaDevice1 variable: [35;1mLastUpdate[0m was: 1456082034 now: 1456082034 #hooks: 0 upnp: 0 skip: 0 v:(nil)/NONE duplicate:1 <0x7499d520>
50	02/21/16 13:13:54.549	luup_log:100: Arduino: urn:micasaverde-com:serviceId:HaDevice1,LastUpdate, 1456082034, 108 <0x7499d520>
06	02/21/16 13:13:54.550	Device_Variable::m_szValue_set device: 108 service: urn:micasaverde-com:serviceId:HaDevice1 variable: [35;1mLastUpdate[0m was: 1456082034 now: 1456082034 #hooks: 0 upnp: 0 skip: 0 v:(nil)/NONE duplicate:1 <0x7499d520>
50	02/21/16 13:13:54.559	luup_log:100: Arduino: urn:micasaverde-com:serviceId:HaDevice1,LastUpdateHR, 13:13, 108 <0x7499d520>
50	02/21/16 13:13:54.571	luup_log:100: Arduino: Log: read: 2-2-0 s=1,c=1,t=13,pt=2,l=2,sg=0:134 <0x7499d520>
50	02/21/16 13:13:54.573	luup_log:100: Arduino: Set variable: 2;1;1;0;13;134 <0x7499d520>
50	02/21/16 13:13:54.573	luup_log:100: Arduino: Setting variable 'CurrentDistance' to value '134' <0x7499d520>
50	02/21/16 13:13:54.574	luup_log:100: Arduino: urn:micasaverde-com:serviceId:DistanceSensor1,CurrentDistance, 134, 4 <0x7499d520>
06	02/21/16 13:13:54.574	Device_Variable::m_szValue_set device: 4 service: urn:micasaverde-com:serviceId:DistanceSensor1 variable: [35;1mCurrentDistance[0m was: 0 now: 134 #hooks: 0 upnp: 0 skip: 0 v:(nil)/NONE duplicate:0 <0x7499d520>
50	02/21/16 13:13:54.575	luup_log:100: Arduino: urn:micasaverde-com:serviceId:HaDevice1,LastUpdate, 1456082034, 4 <0x7499d520>
06	02/21/16 13:13:54.576	Device_Variable::m_szValue_set device: 4 service: urn:micasaverde-com:serviceId:HaDevice1 variable: [35;1mLastUpdate[0m was: 1456082034 now: 1456082034 #hooks: 0 upnp: 0 skip: 0 v:(nil)/NONE duplicate:1 <0x7499d520>
50	02/21/16 13:13:54.576	luup_log:100: Arduino: urn:micasaverde-com:serviceId:HaDevice1,LastUpdate, 1456082034, 106 <0x7499d520>
06	02/21/16 13:13:54.577	Device_Variable::m_szValue_set device: 106 service: urn:micasaverde-com:serviceId:HaDevice1 variable: [35;1mLastUpdate[0m was: 1456082034 now: 1456082034 #hooks: 0 upnp: 0 skip: 0 v:(nil)/NONE duplicate:1 <0x7499d520>
50	02/21/16 13:13:54.578	luup_log:100: Arduino: urn:micasaverde-com:serviceId:HaDevice1,LastUpdateHR, 13:13, 106 <0x7499d520>
50	02/21/16 13:13:54.657	luup_log:100: Arduino: Log: read: 1-1-0 s=31,c=1,t=25,pt=2,l=2,sg=0:132 <0x7499d520>
50	02/21/16 13:13:54.666	luup_log:100: Arduino: Set variable: 1;31;1;0;25;132 <0x7499d520>
50	02/21/16 13:13:54.667	luup_log:100: Arduino: Setting variable 'Variable2' to value '132' <0x7499d520>
50	02/21/16 13:13:54.667	luup_log:100: Arduino: urn:upnp-org:serviceId:VContainer1,Variable2, 132, 31 <0x7499d520>
06	02/21/16 13:13:54.668	Device_Variable::m_szValue_set device: 31 service: urn:upnp-org:serviceId:VContainer1 variable: [35;1mVariable2[0m was: 129 now: 132 #hooks: 0 upnp: 0 skip: 0 v:(nil)/NONE duplicate:0 <0x7499d520>
50	02/21/16 13:13:54.670	luup_log:100: Arduino: urn:micasaverde-com:serviceId:HaDevice1,LastUpdate, 1456082034, 31 <0x7499d520>
06	02/21/16 13:13:54.671	Device_Variable::m_szValue_set device: 31 service: urn:micasaverde-com:serviceId:HaDevice1 variable: [35;1mLastUpdate[0m was: 1456082034 now: 1456082034 #hooks: 0 upnp: 0 skip: 0 v:(nil)/NONE duplicate:1 <0x7499d520>
50	02/21/16 13:13:54.672	luup_log:100: Arduino: urn:micasaverde-com:serviceId:HaDevice1,LastUpdate, 1456082034, 108 <0x7499d520>
06	02/21/16 13:13:54.672	Device_Variable::m_szValue_set device: 108 service: urn:micasaverde-com:serviceId:HaDevice1 variable: [35;1mLastUpdate[0m was: 1456082034 now: 1456082034 #hooks: 0 upnp: 0 skip: 0 v:(nil)/NONE duplicate:1 <0x7499d520>
50	02/21/16 13:13:54.679	luup_log:100: Arduino: urn:micasaverde-com:serviceId:HaDevice1,LastUpdateHR, 13:13, 108 <0x7499d520>
50	02/21/16 13:13:54.772	luup_log:100: Arduino: Log: read: 1-1-0 s=31,c=1,t=25,pt=2,l=2,sg=0:131 <0x7499d520>
50	02/21/16 13:13:54.774	luup_log:100: Arduino: Set variable: 1;31;1;0;25;131 <0x7499d520>
50	02/21/16 13:13:54.775	luup_log:100: Arduino: Setting variable 'Variable2' to value '131' <0x7499d520>
50	02/21/16 13:13:54.775	luup_log:100: Arduino: urn:upnp-org:serviceId:VContainer1,Variable2, 131, 31 <0x7499d520>
06	02/21/16 13:13:54.776	Device_Variable::m_szValue_set device: 31 service: urn:upnp-org:serviceId:VContainer1 variable: [35;1mVariable2[0m was: 132 now: 131 #hooks: 0 upnp: 0 skip: 0 v:(nil)/NONE duplicate:0 <0x7499d520>
50	02/21/16 13:13:54.776	luup_log:100: Arduino: urn:micasaverde-com:serviceId:HaDevice1,LastUpdate, 1456082034, 31 <0x7499d520>
06	02/21/16 13:13:54.777	Device_Variable::m_szValue_set device: 31 service: urn:micasaverde-com:serviceId:HaDevice1 variable: [35;1mLastUpdate[0m was: 1456082034 now: 1456082034 #hooks: 0 upnp: 0 skip: 0 v:(nil)/NONE duplicate:1 <0x7499d520>
50	02/21/16 13:13:54.778	luup_log:100: Arduino: urn:micasaverde-com:serviceId:HaDevice1,LastUpdate, 1456082034, 108 <0x7499d520>
06	02/21/16 13:13:54.779	Device_Variable::m_szValue_set device: 108 service: urn:micasaverde-com:serviceId:HaDevice1 variable: [35;1mLastUpdate[0m was: 1456082034 now: 1456082034 #hooks: 0 upnp: 0 skip: 0 v:(nil)/NONE duplicate:1 <0x7499d520>
50	02/21/16 13:13:54.780	luup_log:100: Arduino: urn:micasaverde-com:serviceId:HaDevice1,LastUpdateHR, 13:13, 108 <0x7499d520>
50	02/21/16 13:13:54.811	luup_log:100: Arduino: Log: read: 3-3-0 s=2,c=1,t=13,pt=2,l=2,sg=0:181 <0x7499d520>
50	02/21/16 13:13:54.813	luup_log:100: Arduino: Set variable: 3;2;1;0;13;181 <0x7499d520>
50	02/21/16 13:13:54.814	luup_log:100: Arduino: Setting variable 'CurrentDistance' to value '181' <0x7499d520>
50	02/21/16 13:13:54.814	luup_log:100: Arduino: urn:micasaverde-com:serviceId:DistanceSensor1,CurrentDistance, 181, 2 <0x7499d520>
06	02/21/16 13:13:54.815	Device_Variable::m_szValue_set device: 2 service: urn:micasaverde-com:serviceId:DistanceSensor1 variable: [35;1mCurrentDistance[0m was: 145 now: 181 #hooks: 0 upnp: 0 skip: 0 v:(nil)/NONE duplicate:0 <0x7499d520>
50	02/21/16 13:13:54.816	luup_log:100: Arduino: urn:micasaverde-com:serviceId:HaDevice1,LastUpdate, 1456082034, 2 <0x7499d520>
06	02/21/16 13:13:54.816	Device_Variable::m_szValue_set device: 2 service: urn:micasaverde-com:serviceId:HaDevice1 variable: [35;1mLastUpdate[0m was: 1456082034 now: 1456082034 #hooks: 0 upnp: 0 skip: 0 v:(nil)/NONE duplicate:1 <0x7499d520>
50	02/21/16 13:13:54.817	luup_log:100: Arduino: urn:micasaverde-com:serviceId:HaDevice1,LastUpdate, 1456082034, 112 <0x7499d520>
06	02/21/16 13:13:54.817	Device_Variable::m_szValue_set device: 112 service: urn:micasaverde-com:serviceId:HaDevice1 variable: [35;1mLastUpdate[0m was: 1456082034 now: 1456082034 #hooks: 0 upnp: 0 skip: 0 v:(nil)/NONE duplicate:1 <0x7499d520>
50	02/21/16 13:13:54.824	luup_log:100: Arduino: urn:micasaverde-com:serviceId:HaDevice1,LastUpdateHR, 13:13, 112 <0x7499d520>
50	02/21/16 13:13:54.900	luup_log:100: Arduino: Log: read: 1-1-0 s=31,c=1,t=25,pt=2,l=2,sg=0:132 <0x7499d520>
50	02/21/16 13:13:54.902	luup_log:100: Arduino: Set variable: 1;31;1;0;25;132 <0x7499d520>
50	02/21/16 13:13:54.903	luup_log:100: Arduino: Setting variable 'Variable2' to value '132' <0x7499d520>
50	02/21/16 13:13:54.903	luup_log:100: Arduino: urn:upnp-org:serviceId:VContainer1,Variable2, 132, 31 <0x7499d520>
06	02/21/16 13:13:54.904	Device_Variable::m_szValue_set device: 31 service: urn:upnp-org:serviceId:VContainer1 variable: [35;1mVariable2[0m was: 131 now: 132 #hooks: 0 upnp: 0 skip: 0 v:(nil)/NONE duplicate:0 <0x7499d520>
50	02/21/16 13:13:54.904	luup_log:100: Arduino: urn:micasaverde-com:serviceId:HaDevice1,LastUpdate, 1456082034, 31 <0x7499d520>
06	02/21/16 13:13:54.905	Device_Variable::m_szValue_set device: 31 service: urn:micasaverde-com:serviceId:HaDevice1 variable: [35;1mLastUpdate[0m was: 1456082034 now: 1456082034 #hooks: 0 upnp: 0 skip: 0 v:(nil)/NONE duplicate:1 <0x7499d520>
50	02/21/16 13:13:54.906	luup_log:100: Arduino: urn:micasaverde-com:serviceId:HaDevice1,LastUpdate, 1456082034, 108 <0x7499d520>
06	02/21/16 13:13:54.906	Device_Variable::m_szValue_set device: 108 service: urn:micasaverde-com:serviceId:HaDevice1 variable: [35;1mLastUpdate[0m was: 1456082034 now: 1456082034 #hooks: 0 upnp: 0 skip: 0 v:(nil)/NONE duplicate:1 <0x7499d520>
50	02/21/16 13:13:54.907	luup_log:100: Arduino: urn:micasaverde-com:serviceId:HaDevice1,LastUpdateHR, 13:13, 108 <0x7499d520>
50	02/21/16 13:13:54.946	luup_log:100: Arduino: Log: read: 4-4-0 s=21,c=1,t=24,pt=2,l=2,sg=0:15 <0x7499d520>
50	02/21/16 13:13:54.948	luup_log:100: Arduino: Set variable: 4;21;1;0;24;15 <0x7499d520>
50	02/21/16 13:13:54.957	luup_log:100: Arduino: Setting variable 'Variable1' to value '15' <0x7499d520>
50	02/21/16 13:13:54.958	luup_log:100: Arduino: urn:upnp-org:serviceId:VContainer1,Variable1, 15, 111 <0x7499d520>
01	02/21/16 13:13:54.958	[31;1mGetLuaInterface can't find device type: 3/0xb2bd18 str: 111[0m <0x7499d520>
01	02/21/16 13:13:54.959	[31;1mluup_variable_get interface 0xb9c620 args 3[0m <0x7499d520>
01	02/21/16 13:13:54.960	[31;1mGetLuaInterface can't find device type: 3/0xb2bd18 str: 111[0m <0x7499d520>
01	02/21/16 13:13:54.960	[31;1mluup_variable_set interface 0xb9c620 args 4[0m <0x7499d520>
50	02/21/16 13:13:54.961	luup_log:100: Arduino: urn:micasaverde-com:serviceId:HaDevice1,LastUpdate, 1456082034, 111 <0x7499d520>
01	02/21/16 13:13:54.961	[31;1mGetLuaInterface can't find device type: 3/0xb2bd18 str: 111[0m <0x7499d520>
01	02/21/16 13:13:54.962	[31;1mluup_variable_get interface 0xb9c620 args 3[0m <0x7499d520>
01	02/21/16 13:13:54.962	[31;1mGetLuaInterface can't find device type: 3/0xb2bd18 str: 111[0m